<?xml version="1.0" encoding="UTF-8"?>
<testsuite xmlns:xsi="http://www.w3.org/2001/XMLSchema-instance" xsi:noNamespaceSchemaLocation="https://maven.apache.org/surefire/maven-surefire-plugin/xsd/surefire-test-report.xsd" name="com.testerhome.hgwz.contact.DepartmentTest" time="8.032" tests="7" errors="3" skipped="0" failures="1">
  <properties>
[...]
</properties>
  <testcase name="updateMap" classname="com.testerhome.hgwz.contact.DepartmentTest" time="5.809"/>
  <testcase name="create" classname="com.testerhome.hgwz.contact.DepartmentTest" time="0.342"/>
  <testcase name="delete" classname="com.testerhome.hgwz.contact.DepartmentTest" time="0.345">
    <error type="java.lang.NullPointerException">java.lang.NullPointerException
	at com.testerhome.hgwz.contact.DepartmentTest.delete(DepartmentTest.java:60)
</error>
    <system-out><![CDATA[Request method:	POST
Request URI:	https://qyapi.weixin.qq.com/cgi-bin/department/create?access_token=hjpDQQ9uPQWoL-uEMsyZ2o4vEl4YTOYSzZ2kb7RxqoalrcwAI-UxGrxTPGkOr66QAGc7M2fU3xWYll5c6a3_ycafVMQCl0m70NAg6vPZ0t9ExAMTXo-fIXRY81KvGbIZlpeC8jpIJrs0s9upirFUa10iDjhiO7kD2M17BuMql_NlH_7FVVxYFaJJWHrvHLWJP_dh4b9x_lE5aW9HigbsaQ
Proxy:			<none>
Request params:	<none>
Query params:	access_token=hjpDQQ9uPQWoL-uEMsyZ2o4vEl4YTOYSzZ2kb7RxqoalrcwAI-UxGrxTPGkOr66QAGc7M2fU3xWYll5c6a3_ycafVMQCl0m70NAg6vPZ0t9ExAMTXo-fIXRY81KvGbIZlpeC8jpIJrs0s9upirFUa10iDjhiO7kD2M17BuMql_NlH_7FVVxYFaJJWHrvHLWJP_dh4b9x_lE5aW9HigbsaQ
Form params:	<none>
Path params:	<none>
Headers:		Accept=*/*
				Content-Type=application/json; charset=UTF-8
Cookies:		<none>
Multiparts:		<none>
Body:
{
    "name": "测试部门1593920551141",
    "name_en": null,
    "parentid": "1",
    "order": null,
    "id": null
}
HTTP/1.1 200 OK
Server: nginx
Date: Sun, 05 Jul 2020 03:43:09 GMT
Content-Type: application/json; charset=UTF-8
Content-Length: 194
Connection: keep-alive
Error-Code: 60008
Error-Msg: department existed, hint: [1593920589_53_164efe1f4c0328431c3bfab87b663a07], from ip: 60.191.0.188, more info at https://open.work.weixin.qq.com/devtool/query?e=60008

{
    "errcode": 60008,
    "errmsg": "department existed, hint: [1593920589_53_164efe1f4c0328431c3bfab87b663a07], from ip: 60.191.0.188, more info at https://open.work.weixin.qq.com/devtool/query?e=60008"
}
]]></system-out>
  </testcase>
  <testcase name="update" classname="com.testerhome.hgwz.contact.DepartmentTest" time="0.321">
    <error type="java.lang.NullPointerException">java.lang.NullPointerException
	at com.testerhome.hgwz.contact.DepartmentTest.update(DepartmentTest.java:66)
</error>
    <system-out><![CDATA[Request method:	POST
Request URI:	https://qyapi.weixin.qq.com/cgi-bin/department/create?access_token=hjpDQQ9uPQWoL-uEMsyZ2o4vEl4YTOYSzZ2kb7RxqoalrcwAI-UxGrxTPGkOr66QAGc7M2fU3xWYll5c6a3_ycafVMQCl0m70NAg6vPZ0t9ExAMTXo-fIXRY81KvGbIZlpeC8jpIJrs0s9upirFUa10iDjhiO7kD2M17BuMql_NlH_7FVVxYFaJJWHrvHLWJP_dh4b9x_lE5aW9HigbsaQ
Proxy:			<none>
Request params:	<none>
Query params:	access_token=hjpDQQ9uPQWoL-uEMsyZ2o4vEl4YTOYSzZ2kb7RxqoalrcwAI-UxGrxTPGkOr66QAGc7M2fU3xWYll5c6a3_ycafVMQCl0m70NAg6vPZ0t9ExAMTXo-fIXRY81KvGbIZlpeC8jpIJrs0s9upirFUa10iDjhiO7kD2M17BuMql_NlH_7FVVxYFaJJWHrvHLWJP_dh4b9x_lE5aW9HigbsaQ
Form params:	<none>
Path params:	<none>
Headers:		Accept=*/*
				Content-Type=application/json; charset=UTF-8
Cookies:		<none>
Multiparts:		<none>
Body:
{
    "name": "测试部门1593920551141",
    "name_en": null,
    "parentid": "1",
    "order": null,
    "id": null
}
HTTP/1.1 200 OK
Server: nginx
Date: Sun, 05 Jul 2020 03:43:09 GMT
Content-Type: application/json; charset=UTF-8
Content-Length: 194
Connection: keep-alive
Error-Code: 60008
Error-Msg: department existed, hint: [1593920589_81_330cb13c3f8bca6517dcd5f13ff125a0], from ip: 60.191.0.188, more info at https://open.work.weixin.qq.com/devtool/query?e=60008

{
    "errcode": 60008,
    "errmsg": "department existed, hint: [1593920589_81_330cb13c3f8bca6517dcd5f13ff125a0], from ip: 60.191.0.188, more info at https://open.work.weixin.qq.com/devtool/query?e=60008"
}
]]></system-out>
  </testcase>
  <testcase name="list" classname="com.testerhome.hgwz.contact.DepartmentTest" time="0.374"/>
  <testcase name="createMap" classname="com.testerhome.hgwz.contact.DepartmentTest" time="0.421">
    <failure message="1 expectation failed.&#10;JSON path errcode doesn&apos;t match.&#10;Expected: &lt;0&gt;&#10;  Actual: 60008&#10;" type="java.lang.AssertionError"><![CDATA[java.lang.AssertionError: 
1 expectation failed.
JSON path errcode doesn't match.
Expected: <0>
  Actual: 60008

	at com.testerhome.hgwz.contact.DepartmentTest.createMap(DepartmentTest.java:55)
]]></failure>
    <system-out><![CDATA[Request method:	POST
Request URI:	https://qyapi.weixin.qq.com/cgi-bin/department/create?access_token=hjpDQQ9uPQWoL-uEMsyZ2o4vEl4YTOYSzZ2kb7RxqoalrcwAI-UxGrxTPGkOr66QAGc7M2fU3xWYll5c6a3_ycafVMQCl0m70NAg6vPZ0t9ExAMTXo-fIXRY81KvGbIZlpeC8jpIJrs0s9upirFUa10iDjhiO7kD2M17BuMql_NlH_7FVVxYFaJJWHrvHLWJP_dh4b9x_lE5aW9HigbsaQ
Proxy:			<none>
Request params:	<none>
Query params:	access_token=hjpDQQ9uPQWoL-uEMsyZ2o4vEl4YTOYSzZ2kb7RxqoalrcwAI-UxGrxTPGkOr66QAGc7M2fU3xWYll5c6a3_ycafVMQCl0m70NAg6vPZ0t9ExAMTXo-fIXRY81KvGbIZlpeC8jpIJrs0s9upirFUa10iDjhiO7kD2M17BuMql_NlH_7FVVxYFaJJWHrvHLWJP_dh4b9x_lE5aW9HigbsaQ
Form params:	<none>
Path params:	<none>
Headers:		Accept=*/*
				Content-Type=application/json; charset=UTF-8
Cookies:		<none>
Multiparts:		<none>
Body:
{
    "name": "测试部门1593920551141",
    "name_en": null,
    "parentid": 1,
    "order": null,
    "id": null
}
HTTP/1.1 200 OK
Server: nginx
Date: Sun, 05 Jul 2020 03:43:10 GMT
Content-Type: application/json; charset=UTF-8
Content-Length: 194
Connection: keep-alive
Error-Code: 60008
Error-Msg: department existed, hint: [1593920590_81_cf485014cfeec644914635204842b285], from ip: 60.191.0.188, more info at https://open.work.weixin.qq.com/devtool/query?e=60008

{
    "errcode": 60008,
    "errmsg": "department existed, hint: [1593920590_81_cf485014cfeec644914635204842b285], from ip: 60.191.0.188, more info at https://open.work.weixin.qq.com/devtool/query?e=60008"
}
]]></system-out>
  </testcase>
  <testcase name="createExisted" classname="com.testerhome.hgwz.contact.DepartmentTest" time="0.33">
    <error type="java.lang.NullPointerException">java.lang.NullPointerException
	at com.testerhome.hgwz.contact.DepartmentTest.createExisted(DepartmentTest.java:41)
</error>
    <system-out><![CDATA[Request method:	POST
Request URI:	https://qyapi.weixin.qq.com/cgi-bin/department/create?access_token=hjpDQQ9uPQWoL-uEMsyZ2o4vEl4YTOYSzZ2kb7RxqoalrcwAI-UxGrxTPGkOr66QAGc7M2fU3xWYll5c6a3_ycafVMQCl0m70NAg6vPZ0t9ExAMTXo-fIXRY81KvGbIZlpeC8jpIJrs0s9upirFUa10iDjhiO7kD2M17BuMql_NlH_7FVVxYFaJJWHrvHLWJP_dh4b9x_lE5aW9HigbsaQ
Proxy:			<none>
Request params:	<none>
Query params:	access_token=hjpDQQ9uPQWoL-uEMsyZ2o4vEl4YTOYSzZ2kb7RxqoalrcwAI-UxGrxTPGkOr66QAGc7M2fU3xWYll5c6a3_ycafVMQCl0m70NAg6vPZ0t9ExAMTXo-fIXRY81KvGbIZlpeC8jpIJrs0s9upirFUa10iDjhiO7kD2M17BuMql_NlH_7FVVxYFaJJWHrvHLWJP_dh4b9x_lE5aW9HigbsaQ
Form params:	<none>
Path params:	<none>
Headers:		Accept=*/*
				Content-Type=application/json; charset=UTF-8
Cookies:		<none>
Multiparts:		<none>
Body:
{
    "name": "测试部门1593920551141",
    "name_en": null,
    "parentid": "1",
    "order": null,
    "id": null
}
HTTP/1.1 200 OK
Server: nginx
Date: Sun, 05 Jul 2020 03:43:11 GMT
Content-Type: application/json; charset=UTF-8
Content-Length: 194
Connection: keep-alive
Error-Code: 60008
Error-Msg: department existed, hint: [1593920591_81_fdb7178161aa548b5e48898e01db6698], from ip: 60.191.0.188, more info at https://open.work.weixin.qq.com/devtool/query?e=60008

{
    "errcode": 60008,
    "errmsg": "department existed, hint: [1593920591_81_fdb7178161aa548b5e48898e01db6698], from ip: 60.191.0.188, more info at https://open.work.weixin.qq.com/devtool/query?e=60008"
}
]]></system-out>
  </testcase>
</testsuite>