<?xml version="1.0" encoding="UTF-8"?>
<testsuite xmlns:xsi="http://www.w3.org/2001/XMLSchema-instance" xsi:noNamespaceSchemaLocation="https://maven.apache.org/surefire/maven-surefire-plugin/xsd/surefire-test-report.xsd" name="com.testerhome.hgwz.contact.UserTest" time="1.382" tests="3" errors="0" skipped="0" failures="0">
  <properties>
[...]
</properties>
  <testcase name="create{String}[1]" classname="com.testerhome.hgwz.contact.UserTest" time="0.437"/>
  <testcase name="create{String}[2]" classname="com.testerhome.hgwz.contact.UserTest" time="0.457"/>
  <testcase name="create{String}[3]" classname="com.testerhome.hgwz.contact.UserTest" time="0.42"/>
</testsuite>